This is pdfTeX, Version 3.1415926-2.5-1.40.14 (TeX Live 2013) (format=pdflatex 2013.11.8)  26 NOV 2013 11:55
entering extended mode
 restricted \write18 enabled.
 %&-line parsing enabled.
**author.tex
(./author.tex
LaTeX2e <2011/06/27>
Babel <3.9f> and hyphenation patterns for 78 languages loaded.
(./svmult.cls
Document Class: svmult 2007/06/25 v5.4 
Springer Verlag global LaTeX document class for multi authored books
Class Springer-SVMult Info: extra/valid Springer sub-package 
(Springer-SVMult)           not found in option list - using "global" style.
(/usr/local/texlive/2013/texmf-dist/tex/latex/base/article.cls
Document Class: article 2007/10/19 v1.4h Standard LaTeX document class
(/usr/local/texlive/2013/texmf-dist/tex/latex/base/size10.clo
File: size10.clo 2007/10/19 v1.4h Standard LaTeX file (size option)
)
\c@part=\count79
\c@section=\count80
\c@subsection=\count81
\c@subsubsection=\count82
\c@paragraph=\count83
\c@subparagraph=\count84
\c@figure=\count85
\c@table=\count86
\abovecaptionskip=\skip41
\belowcaptionskip=\skip42
\bibindent=\dimen102
)
\svparindent=\dimen103
\bibindent=\dimen104
\betweenumberspace=\dimen105
\headlineindent=\dimen106
\minitoc=\write3
\c@minitocdepth=\count87
\c@chapter=\count88
\mottowidth=\dimen107
\svitemindent=\dimen108
\verbatimindent=\dimen109
LaTeX Font Info:    Redeclaring math symbol \Gamma on input line 963.
LaTeX Font Info:    Redeclaring math symbol \Delta on input line 964.
LaTeX Font Info:    Redeclaring math symbol \Theta on input line 965.
LaTeX Font Info:    Redeclaring math symbol \Lambda on input line 966.
LaTeX Font Info:    Redeclaring math symbol \Xi on input line 967.
LaTeX Font Info:    Redeclaring math symbol \Pi on input line 968.
LaTeX Font Info:    Redeclaring math symbol \Sigma on input line 969.
LaTeX Font Info:    Redeclaring math symbol \Upsilon on input line 970.
LaTeX Font Info:    Redeclaring math symbol \Phi on input line 971.
LaTeX Font Info:    Redeclaring math symbol \Psi on input line 972.
LaTeX Font Info:    Redeclaring math symbol \Omega on input line 973.
\tocchpnum=\dimen110
\tocsecnum=\dimen111
\tocsectotal=\dimen112
\tocsubsecnum=\dimen113
\tocsubsectotal=\dimen114
\tocsubsubsecnum=\dimen115
\tocsubsubsectotal=\dimen116
\tocparanum=\dimen117
\tocparatotal=\dimen118
\tocsubparanum=\dimen119
\foot@parindent=\dimen120
\spthmsep=\dimen121
\c@theorem=\count89
\c@case=\count90
\c@conjecture=\count91
\c@corollary=\count92
\c@definition=\count93
\c@example=\count94
\c@exercise=\count95
\c@lemma=\count96
\c@note=\count97
\c@problem=\count98
\c@property=\count99
\c@proposition=\count100
\c@question=\count101
\c@solution=\count102
\c@remark=\count103
\c@prob=\count104
\instindent=\dimen122
\figgap=\dimen123
\bildb@x=\box26
\figcapgap=\dimen124
\tabcapgap=\dimen125
\c@merk=\count105
\c@@inst=\count106
\c@@auth=\count107
\c@auco=\count108
\instindent=\dimen126
\authrun=\box27
\authorrunning=\toks14
\tocauthor=\toks15
\titrun=\box28
\titlerunning=\toks16
\toctitle=\toks17
\c@contribution=\count109
LaTeX Info: Redefining \abstract on input line 2320.
)
(/usr/local/texlive/2013/texmf-dist/tex/latex/graphics/color.sty
Package: color 2005/11/14 v1.0j Standard LaTeX Color (DPC)

(/usr/local/texlive/2013/texmf-dist/tex/latex/latexconfig/color.cfg
File: color.cfg 2007/01/18 v1.5 color configuration of teTeX/TeXLive
)
Package color Info: Driver file: pdftex.def on input line 130.

(/usr/local/texlive/2013/texmf-dist/tex/latex/pdftex-def/pdftex.def
File: pdftex.def 2011/05/27 v0.06d Graphics/color for pdfTeX

(/usr/local/texlive/2013/texmf-dist/tex/generic/oberdiek/infwarerr.sty
Package: infwarerr 2010/04/08 v1.3 Providing info/warning/error messages (HO)
)
(/usr/local/texlive/2013/texmf-dist/tex/generic/oberdiek/ltxcmds.sty
Package: ltxcmds 2011/11/09 v1.22 LaTeX kernel commands for general use (HO)
)
\Gread@gobject=\count110
))
(/usr/local/texlive/2013/texmf-dist/tex/latex/framed/framed.sty
Package: framed 2011/10/22 v 0.96: framed or shaded text with page breaks
\OuterFrameSep=\skip43
\fb@frw=\dimen127
\fb@frh=\dimen128
\FrameRule=\dimen129
\FrameSep=\dimen130
)
(/usr/local/texlive/2013/texmf-dist/tex/latex/psnfss/mathptmx.sty
Package: mathptmx 2005/04/12 PSNFSS-v9.2a Times w/ Math, improved (SPQR, WaS) 
LaTeX Font Info:    Redeclaring symbol font `operators' on input line 28.
LaTeX Font Info:    Overwriting symbol font `operators' in version `normal'
(Font)                  OT1/cmr/m/n --> OT1/ztmcm/m/n on input line 28.
LaTeX Font Info:    Overwriting symbol font `operators' in version `bold'
(Font)                  OT1/cmr/bx/n --> OT1/ztmcm/m/n on input line 28.
LaTeX Font Info:    Redeclaring symbol font `letters' on input line 29.
LaTeX Font Info:    Overwriting symbol font `letters' in version `normal'
(Font)                  OML/cmm/m/it --> OML/ztmcm/m/it on input line 29.
LaTeX Font Info:    Overwriting symbol font `letters' in version `bold'
(Font)                  OML/cmm/b/it --> OML/ztmcm/m/it on input line 29.
LaTeX Font Info:    Redeclaring symbol font `symbols' on input line 30.
LaTeX Font Info:    Overwriting symbol font `symbols' in version `normal'
(Font)                  OMS/cmsy/m/n --> OMS/ztmcm/m/n on input line 30.
LaTeX Font Info:    Overwriting symbol font `symbols' in version `bold'
(Font)                  OMS/cmsy/b/n --> OMS/ztmcm/m/n on input line 30.
LaTeX Font Info:    Redeclaring symbol font `largesymbols' on input line 31.
LaTeX Font Info:    Overwriting symbol font `largesymbols' in version `normal'
(Font)                  OMX/cmex/m/n --> OMX/ztmcm/m/n on input line 31.
LaTeX Font Info:    Overwriting symbol font `largesymbols' in version `bold'
(Font)                  OMX/cmex/m/n --> OMX/ztmcm/m/n on input line 31.
\symbold=\mathgroup4
\symitalic=\mathgroup5
LaTeX Font Info:    Redeclaring math alphabet \mathbf on input line 34.
LaTeX Font Info:    Overwriting math alphabet `\mathbf' in version `normal'
(Font)                  OT1/cmr/bx/n --> OT1/ptm/bx/n on input line 34.
LaTeX Font Info:    Overwriting math alphabet `\mathbf' in version `bold'
(Font)                  OT1/cmr/bx/n --> OT1/ptm/bx/n on input line 34.
LaTeX Font Info:    Redeclaring math alphabet \mathit on input line 35.
LaTeX Font Info:    Overwriting math alphabet `\mathit' in version `normal'
(Font)                  OT1/cmr/m/it --> OT1/ptm/m/it on input line 35.
LaTeX Font Info:    Overwriting math alphabet `\mathit' in version `bold'
(Font)                  OT1/cmr/bx/it --> OT1/ptm/m/it on input line 35.
LaTeX Info: Redefining \hbar on input line 50.
)
(/usr/local/texlive/2013/texmf-dist/tex/latex/psnfss/helvet.sty
Package: helvet 2005/04/12 PSNFSS-v9.2a (WaS) 

(/usr/local/texlive/2013/texmf-dist/tex/latex/graphics/keyval.sty
Package: keyval 1999/03/16 v1.13 key=value parser (DPC)
\KV@toks@=\toks18
))
(/usr/local/texlive/2013/texmf-dist/tex/latex/psnfss/courier.sty
Package: courier 2005/04/12 PSNFSS-v9.2a (WaS) 
)
(/usr/local/texlive/2013/texmf-dist/tex/latex/type1cm/type1cm.sty
Package: type1cm 2002/09/05 v0.04 BlueSky/Y&Y Type1 CM font definitions (DPC, p
atched RF)
)
(/usr/local/texlive/2013/texmf-dist/tex/latex/base/makeidx.sty
Package: makeidx 2000/03/29 v1.0m Standard LaTeX package
)
(/usr/local/texlive/2013/texmf-dist/tex/latex/graphics/graphicx.sty
Package: graphicx 1999/02/16 v1.0f Enhanced LaTeX Graphics (DPC,SPQR)

(/usr/local/texlive/2013/texmf-dist/tex/latex/graphics/graphics.sty
Package: graphics 2009/02/05 v1.0o Standard LaTeX Graphics (DPC,SPQR)

(/usr/local/texlive/2013/texmf-dist/tex/latex/graphics/trig.sty
Package: trig 1999/03/16 v1.09 sin cos tan (DPC)
)
(/usr/local/texlive/2013/texmf-dist/tex/latex/latexconfig/graphics.cfg
File: graphics.cfg 2010/04/23 v1.9 graphics configuration of TeX Live
)
Package graphics Info: Driver file: pdftex.def on input line 91.
)
\Gin@req@height=\dimen131
\Gin@req@width=\dimen132
)
(/usr/local/texlive/2013/texmf-dist/tex/latex/tools/multicol.sty
Package: multicol 2011/06/27 v1.7a multicolumn formatting (FMi)
\c@tracingmulticols=\count111
\mult@box=\box29
\multicol@leftmargin=\dimen133
\c@unbalance=\count112
\c@collectmore=\count113
\doublecol@number=\count114
\multicoltolerance=\count115
\multicolpretolerance=\count116
\full@width=\dimen134
\page@free=\dimen135
\premulticols=\dimen136
\postmulticols=\dimen137
\multicolsep=\skip44
\multicolbaselineskip=\skip45
\partial@page=\box30
\last@line=\box31
\mult@rightbox=\box32
\mult@grightbox=\box33
\mult@gfirstbox=\box34
\mult@firstbox=\box35
\@tempa=\box36
\@tempa=\box37
\@tempa=\box38
\@tempa=\box39
\@tempa=\box40
\@tempa=\box41
\@tempa=\box42
\@tempa=\box43
\@tempa=\box44
\@tempa=\box45
\@tempa=\box46
\@tempa=\box47
\@tempa=\box48
\@tempa=\box49
\@tempa=\box50
\@tempa=\box51
\@tempa=\box52
\c@columnbadness=\count117
\c@finalcolumnbadness=\count118
\last@try=\dimen138
\multicolovershoot=\dimen139
\multicolundershoot=\dimen140
\mult@nat@firstbox=\box53
\colbreak@box=\box54
\multicol@sort@counter=\count119
)
(/usr/local/texlive/2013/texmf-dist/tex/latex/footmisc/footmisc.sty
Package: footmisc 2011/06/06 v5.5b a miscellany of footnote facilities
\FN@temptoken=\toks19
\footnotemargin=\dimen141
\c@pp@next@reset=\count120
Package footmisc Info: Declaring symbol style bringhurst on input line 855.
Package footmisc Info: Declaring symbol style chicago on input line 863.
Package footmisc Info: Declaring symbol style wiley on input line 872.
Package footmisc Info: Declaring symbol style lamport-robust on input line 883.

Package footmisc Info: Declaring symbol style lamport* on input line 903.
Package footmisc Info: Declaring symbol style lamport*-robust on input line 924
.
)
\@indexfile=\write4
\openout4 = `author.idx'.


Writing index file author.idx
No file author.aux.
\openout1 = `author.aux'.

LaTeX Font Info:    Checking defaults for OML/cmm/m/it on input line 37.
LaTeX Font Info:    ... okay on input line 37.
LaTeX Font Info:    Checking defaults for T1/cmr/m/n on input line 37.
LaTeX Font Info:    ... okay on input line 37.
LaTeX Font Info:    Checking defaults for OT1/cmr/m/n on input line 37.
LaTeX Font Info:    ... okay on input line 37.
LaTeX Font Info:    Checking defaults for OMS/cmsy/m/n on input line 37.
LaTeX Font Info:    ... okay on input line 37.
LaTeX Font Info:    Checking defaults for OMX/cmex/m/n on input line 37.
LaTeX Font Info:    ... okay on input line 37.
LaTeX Font Info:    Checking defaults for U/cmr/m/n on input line 37.
LaTeX Font Info:    ... okay on input line 37.
LaTeX Font Info:    Try loading font information for OT1+ptm on input line 37.
(/usr/local/texlive/2013/texmf-dist/tex/latex/psnfss/ot1ptm.fd
File: ot1ptm.fd 2001/06/04 font definitions for OT1/ptm.
)
(/usr/local/texlive/2013/texmf-dist/tex/context/base/supp-pdf.mkii
[Loading MPS to PDF converter (version 2006.09.02).]
\scratchcounter=\count121
\scratchdimen=\dimen142
\scratchbox=\box55
\nofMPsegments=\count122
\nofMParguments=\count123
\everyMPshowfont=\toks20
\MPscratchCnt=\count124
\MPscratchDim=\dimen143
\MPnumerator=\count125
\makeMPintoPDFobject=\count126
\everyMPtoPDFconversion=\toks21
)
\big@size=\dimen144
 (/usr/local/texlive/2013/texmf-dist/tex/generic/oberdiek/pdftexcmds.sty
Package: pdftexcmds 2011/11/29 v0.20 Utility functions of pdfTeX for LuaTeX (HO
)

(/usr/local/texlive/2013/texmf-dist/tex/generic/oberdiek/ifluatex.sty
Package: ifluatex 2010/03/01 v1.3 Provides the ifluatex switch (HO)
Package ifluatex Info: LuaTeX not detected.
)
(/usr/local/texlive/2013/texmf-dist/tex/generic/oberdiek/ifpdf.sty
Package: ifpdf 2011/01/30 v2.3 Provides the ifpdf switch (HO)
Package ifpdf Info: pdfTeX in PDF mode is detected.
)
Package pdftexcmds Info: LuaTeX not detected.
Package pdftexcmds Info: \pdf@primitive is available.
Package pdftexcmds Info: \pdf@ifprimitive is available.
Package pdftexcmds Info: \pdfdraftmode found.
)
(/usr/local/texlive/2013/texmf-dist/tex/latex/oberdiek/epstopdf-base.sty
Package: epstopdf-base 2010/02/09 v2.5 Base part for package epstopdf

(/usr/local/texlive/2013/texmf-dist/tex/latex/oberdiek/grfext.sty
Package: grfext 2010/08/19 v1.1 Manage graphics extensions (HO)

(/usr/local/texlive/2013/texmf-dist/tex/generic/oberdiek/kvdefinekeys.sty
Package: kvdefinekeys 2011/04/07 v1.3 Define keys (HO)
))
(/usr/local/texlive/2013/texmf-dist/tex/latex/oberdiek/kvoptions.sty
Package: kvoptions 2011/06/30 v3.11 Key value format for package options (HO)

(/usr/local/texlive/2013/texmf-dist/tex/generic/oberdiek/kvsetkeys.sty
Package: kvsetkeys 2012/04/25 v1.16 Key value parser (HO)

(/usr/local/texlive/2013/texmf-dist/tex/generic/oberdiek/etexcmds.sty
Package: etexcmds 2011/02/16 v1.5 Avoid name clashes with e-TeX commands (HO)
Package etexcmds Info: Could not find \expanded.
(etexcmds)             That can mean that you are not using pdfTeX 1.50 or
(etexcmds)             that some package has redefined \expanded.
(etexcmds)             In the latter case, load this package earlier.
)))
Package grfext Info: Graphics extension search list:
(grfext)             [.png,.pdf,.jpg,.mps,.jpeg,.jbig2,.jb2,.PNG,.PDF,.JPG,.JPE
G,.JBIG2,.JB2,.eps]
(grfext)             \AppendGraphicsExtensions on input line 452.

(/usr/local/texlive/2013/texmf-dist/tex/latex/latexconfig/epstopdf-sys.cfg
File: epstopdf-sys.cfg 2010/07/13 v1.3 Configuration of (r)epstopdf for TeX Liv
e
))
LaTeX Font Info:    Font shape `OT1/ptm/bx/n' in size <14> not available
(Font)              Font shape `OT1/ptm/b/n' tried instead on input line 52.


Package mathptmx Warning: There are no bold math fonts on input line 52.

LaTeX Font Info:    Font shape `OT1/ptm/bx/n' in size <16> not available
(Font)              Font shape `OT1/ptm/b/n' tried instead on input line 52.
LaTeX Font Info:    Calculating math sizes for size <8.5> on input line 52.
LaTeX Font Info:    Try loading font information for OT1+ztmcm on input line 52
.
(/usr/local/texlive/2013/texmf-dist/tex/latex/psnfss/ot1ztmcm.fd
File: ot1ztmcm.fd 2000/01/03 Fontinst v1.801 font definitions for OT1/ztmcm.
)
LaTeX Font Info:    Try loading font information for OML+ztmcm on input line 52
.

(/usr/local/texlive/2013/texmf-dist/tex/latex/psnfss/omlztmcm.fd
File: omlztmcm.fd 2000/01/03 Fontinst v1.801 font definitions for OML/ztmcm.
)
LaTeX Font Info:    Try loading font information for OMS+ztmcm on input line 52
.

(/usr/local/texlive/2013/texmf-dist/tex/latex/psnfss/omsztmcm.fd
File: omsztmcm.fd 2000/01/03 Fontinst v1.801 font definitions for OMS/ztmcm.
)
LaTeX Font Info:    Try loading font information for OMX+ztmcm on input line 52
.

(/usr/local/texlive/2013/texmf-dist/tex/latex/psnfss/omxztmcm.fd
File: omxztmcm.fd 2000/01/03 Fontinst v1.801 font definitions for OMX/ztmcm.
)
LaTeX Font Info:    Font shape `OT1/ptm/bx/n' in size <8.5> not available
(Font)              Font shape `OT1/ptm/b/n' tried instead on input line 52.
LaTeX Font Info:    Font shape `OT1/ptm/bx/n' in size <6.29004> not available
(Font)              Font shape `OT1/ptm/b/n' tried instead on input line 52.
LaTeX Font Info:    Font shape `OT1/ptm/bx/n' in size <5.10005> not available
(Font)              Font shape `OT1/ptm/b/n' tried instead on input line 52.
LaTeX Font Info:    Font shape `OT1/ptm/bx/n' in size <10> not available
(Font)              Font shape `OT1/ptm/b/n' tried instead on input line 52.
LaTeX Font Info:    Font shape `OT1/ptm/bx/n' in size <7.4> not available
(Font)              Font shape `OT1/ptm/b/n' tried instead on input line 52.
LaTeX Font Info:    Font shape `OT1/ptm/bx/n' in size <6> not available
(Font)              Font shape `OT1/ptm/b/n' tried instead on input line 52.
LaTeX Font Info:    Try loading font information for OT1+pcr on input line 58.

(/usr/local/texlive/2013/texmf-dist/tex/latex/psnfss/ot1pcr.fd
File: ot1pcr.fd 2001/06/04 font definitions for OT1/pcr.
)
LaTeX Font Info:    Font shape `OT1/ptm/bx/n' in size <12> not available
(Font)              Font shape `OT1/ptm/b/n' tried instead on input line 60.
 [1



{/usr/local/texlive/2013/texmf-var/fonts/map/pdftex/updmap/pdftex.map}]
LaTeX Font Info:    Font shape `OT1/ptm/bx/it' in size <8.5> not available
(Font)              Font shape `OT1/ptm/b/it' tried instead on input line 91.
LaTeX Font Info:    Font shape `OT1/ptm/bx/it' in size <12> not available
(Font)              Font shape `OT1/ptm/b/it' tried instead on input line 98.


LaTeX Warning: Reference `sec:2' on page 2 undefined on input line 104.


LaTeX Warning: Reference `subsec:2' on page 2 undefined on input line 116.


LaTeX Warning: Reference `fig:1' on page 2 undefined on input line 116.

Package epstopdf Info: Source file: <figure.eps>
(epstopdf)                    date: 2007-06-29 18:22:08
(epstopdf)                    size: 62739 bytes
(epstopdf)             Output file: <figure-eps-converted-to.pdf>
(epstopdf)             Command: <repstopdf --outfile=figure-eps-converted-to.pd
f figure.eps>
(epstopdf)             \includegraphics on input line 137.
runsystem(repstopdf --outfile=figure-eps-converted-to.pdf figure.eps)...execute
d safely (allowed).

Package epstopdf Info: Result file: <figure-eps-converted-to.pdf>
(epstopdf)                    date: 2013-11-26 11:55:05
(epstopdf)                    size: 13925 bytes.
<figure-eps-converted-to.pdf, id=10, 139.52126pt x 195.73125pt>
File: figure-eps-converted-to.pdf Graphic file (type pdf)

<use figure-eps-converted-to.pdf>
Package pdftex.def Info: figure-eps-converted-to.pdf used on input line 137.
(pdftex.def)             Requested size: 90.68773pt x 127.22379pt.


LaTeX Warning: Reference `sec:2' on page 2 undefined on input line 147.

[2]

LaTeX Warning: Reference `sec:2' on page 3 undefined on input line 163.


LaTeX Warning: Reference `fig:2' on page 3 undefined on input line 163.

LaTeX Font Info:    Try loading font information for OMS+ptm on input line 168.

(/usr/local/texlive/2013/texmf-dist/tex/latex/psnfss/omsptm.fd
File: omsptm.fd 
)
LaTeX Font Info:    Font shape `OMS/ptm/m/n' in size <10> not available
(Font)              Font shape `OMS/cmsy/m/n' tried instead on input line 168.


LaTeX Warning: Reference `tab:1' on page 3 undefined on input line 168.

[3 <./figure-eps-converted-to.pdf>]
Package epstopdf Info: Source file: <figure.eps>
(epstopdf)                    date: 2007-06-29 18:22:08
(epstopdf)                    size: 62739 bytes
(epstopdf)             Output file: <figure-eps-converted-to.pdf>
(epstopdf)                    date: 2013-11-26 11:55:05
(epstopdf)                    size: 13925 bytes
(epstopdf)             Command: <repstopdf --outfile=figure-eps-converted-to.pd
f figure.eps>
(epstopdf)             \includegraphics on input line 187.
Package epstopdf Info: Output file is already uptodate.
File: figure-eps-converted-to.pdf Graphic file (type pdf)
 <use figure-eps-converted-to.pdf>
Package pdftex.def Info: figure-eps-converted-to.pdf used on input line 187.
(pdftex.def)             Requested size: 90.68773pt x 127.22379pt.


LaTeX Warning: Reference `sec:2' on page 4 undefined on input line 191.


LaTeX Warning: Reference `sec:2' on page 4 undefined on input line 193.


Overfull \hbox (0.61853pt too wide) in paragraph at lines 204--215
[][]
 []


LaTeX Warning: Reference `sec:2' on page 4 undefined on input line 228.

[4]

LaTeX Warning: Reference `sec:1' on page 5 undefined on input line 235.


LaTeX Warning: Reference `subsec:2' on page 5 undefined on input line 236.


LaTeX Warning: Reference `sec:2' on page 5 undefined on input line 240.


LaTeX Warning: Reference `sec:2' on page 5 undefined on input line 256.

[5]

LaTeX Warning: Reference `sec:2' on page 6 undefined on input line 281.

(./referenc.tex [6]

LaTeX Warning: Citation `science-contrib' on page 7 undefined on input line 27.



LaTeX Warning: Citation `science-online' on page 7 undefined on input line 27.


LaTeX Warning: Citation `science-mono' on page 7 undefined on input line 27.


LaTeX Warning: Citation `science-journal' on page 7 undefined on input line 27.



LaTeX Warning: Citation `science-DOI' on page 7 undefined on input line 27.


LaTeX Warning: Citation `phys-online' on page 7 undefined on input line 27.


LaTeX Warning: Citation `phys-mono' on page 7 undefined on input line 27.


LaTeX Warning: Citation `phys-journal' on page 7 undefined on input line 27.


LaTeX Warning: Citation `phys-DOI' on page 7 undefined on input line 27.


LaTeX Warning: Citation `phys-contrib' on page 7 undefined on input line 27.


LaTeX Warning: Citation `psysoc-mono' on page 7 undefined on input line 27.


LaTeX Warning: Citation `psysoc-online' on page 7 undefined on input line 27.


LaTeX Warning: Citation `psysoc-journal' on page 7 undefined on input line 27.


LaTeX Warning: Citation `psysoc-contrib' on page 7 undefined on input line 27.


LaTeX Warning: Citation `psysoc-DOI' on page 7 undefined on input line 27.


LaTeX Warning: Citation `humlinphil-journal' on page 7 undefined on input line 
27.


LaTeX Warning: Citation `humlinphil-contrib' on page 7 undefined on input line 
27.


LaTeX Warning: Citation `humlinphil-mono' on page 7 undefined on input line 27.



LaTeX Warning: Citation `humlinphil-online' on page 7 undefined on input line 2
7.


LaTeX Warning: Citation `humlinphil-DOI' on page 7 undefined on input line 27.


LaTeX Warning: Citation `basic-contrib' on page 7 undefined on input line 27.


LaTeX Warning: Citation `basic-online' on page 7 undefined on input line 27.


LaTeX Warning: Citation `basic-journal' on page 7 undefined on input line 27.


LaTeX Warning: Citation `basic-DOI' on page 7 undefined on input line 27.


LaTeX Warning: Citation `basic-mono' on page 7 undefined on input line 27.

[7]
Missing character: There is no ’ in font ptmr7t!
Missing character: There is no ´ in font ptmr7t!
) [8] (./author.aux)

LaTeX Warning: There were undefined references.


LaTeX Warning: Label(s) may have changed. Rerun to get cross-references right.

 ) 
Here is how much of TeX's memory you used:
 2698 strings out of 493315
 37932 string characters out of 6137904
 107268 words of memory out of 5000000
 6071 multiletter control sequences out of 15000+600000
 42527 words of font info for 83 fonts, out of 8000000 for 9000
 957 hyphenation exceptions out of 8191
 37i,12n,24p,538b,288s stack positions out of 5000i,500n,10000p,200000b,80000s
{/usr/local/texlive/2013/texmf-dist/fonts/enc/dvips/base/8r.enc}</usr/local/t
exlive/2013/texmf-dist/fonts/type1/public/amsfonts/cm/cmmi10.pfb></usr/local/te
xlive/2013/texmf-dist/fonts/type1/public/amsfonts/cm/cmr10.pfb></usr/local/texl
ive/2013/texmf-dist/fonts/type1/public/amsfonts/cm/cmsy10.pfb></usr/local/texli
ve/2013/texmf-dist/fonts/type1/urw/courier/ucrr8a.pfb></usr/local/texlive/2013/
texmf-dist/fonts/type1/urw/times/utmb8a.pfb></usr/local/texlive/2013/texmf-dist
/fonts/type1/urw/times/utmbi8a.pfb></usr/local/texlive/2013/texmf-dist/fonts/ty
pe1/urw/times/utmr8a.pfb></usr/local/texlive/2013/texmf-dist/fonts/type1/urw/ti
mes/utmri8a.pfb>
Output written on author.pdf (8 pages, 117883 bytes).
PDF statistics:
 67 PDF objects out of 1000 (max. 8388607)
 47 compressed objects within 1 object stream
 0 named destinations out of 1000 (max. 500000)
 6 words of extra memory for PDF output out of 10000 (max. 10000000)

