\BOOKMARK [0][-]{section*.1}{Beyond The Cloud, How Should Next Generation Utility Computing Infrastructures Be Designed?}{}% 1
\BOOKMARK [0][-]{section*.1}{Marin Bertier, Fr\351d\351ric Desprez, Gilles Fedak, Adrien Lebre, Anne-C\351cile Orgerie, Jonathan Pastor, Flavien Quesnel, Jonathan Rouzaud-Cornabas and C\351dric Tedeschi}{}% 2
\BOOKMARK [1][-]{section.0.1}{Context and Motivations}{section*.1}% 3
\BOOKMARK [2][-]{subsection.0.1.1}{Inherent limitation of large-scale DCs}{section.0.1}% 4
\BOOKMARK [2][-]{subsection.0.1.2}{Oversized Network Backbone.}{section.0.1}% 5
\BOOKMARK [2][-]{subsection.0.1.3}{Locality Based Utility Computing}{section.0.1}% 6
\BOOKMARK [1][-]{section.0.2}{Overall Vision and Major Challenges}{section*.1}% 7
\BOOKMARK [1][-]{section.0.3}{Background}{section*.1}% 8
\BOOKMARK [1][-]{section.0.4}{Premises of a LUC OS: The DISCOVERY Proposal}{section*.1}% 9
\BOOKMARK [2][-]{subsection.0.4.1}{Overview}{section.0.4}% 10
\BOOKMARK [2][-]{subsection.0.4.2}{Resource Localization and Monitoring Mechanisms}{section.0.4}% 11
\BOOKMARK [2][-]{subsection.0.4.3}{VEs Management Mechanisms}{section.0.4}% 12
\BOOKMARK [2][-]{subsection.0.4.4}{VM Images Management}{section.0.4}% 13
\BOOKMARK [2][-]{subsection.0.4.5}{Reliability Mechanisms}{section.0.4}% 14
\BOOKMARK [2][-]{subsection.0.4.6}{Security and Privacy Mechanisms}{section.0.4}% 15
\BOOKMARK [2][-]{subsection.0.4.7}{Toward a First Proof-of-Concept}{section.0.4}% 16
\BOOKMARK [1][-]{section.0.5}{Future Work/Opportunities}{section*.1}% 17
\BOOKMARK [2][-]{subsection.0.5.1}{Geo-Diversification as a Key Element}{section.0.5}% 18
\BOOKMARK [2][-]{subsection.0.5.2}{Energy, a Primary Concern for Modern Societies}{section.0.5}% 19
\BOOKMARK [1][-]{section.0.6}{Conclusion }{section*.1}% 20
\BOOKMARK [1][-]{section*.6}{Appendix}{section*.1}% 21
\BOOKMARK [1][-]{section*.7}{References}{section*.1}% 22
