\BOOKMARK [1][-]{section.1}{Introduction}{}% 1
\BOOKMARK [1][-]{section.2}{The VM Placement Problem}{}% 2
\BOOKMARK [1][-]{section.3}{Simgrid, a generic toolkit}{}% 3
\BOOKMARK [1][-]{section.4}{VM Placement Simulator}{}% 4
\BOOKMARK [2][-]{subsection.4.1}{Overview}{section.4}% 5
\BOOKMARK [2][-]{subsection.4.2}{Initialization Phase}{section.4}% 6
\BOOKMARK [2][-]{subsection.4.3}{Injector Phase}{section.4}% 7
\BOOKMARK [2][-]{subsection.4.4}{Trace Analysis}{section.4}% 8
\BOOKMARK [1][-]{section.5}{Dynamic VMPP Algorithms}{}% 9
\BOOKMARK [2][-]{subsection.5.1}{Entropy-based Centralized Approach}{section.5}% 10
\BOOKMARK [2][-]{subsection.5.2}{Snooze-based Hierarchical Approach}{section.5}% 11
\BOOKMARK [3][-]{subsubsection.5.2.1}{Architecture}{subsection.5.2}% 12
\BOOKMARK [3][-]{subsubsection.5.2.2}{Algorithms}{subsection.5.2}% 13
\BOOKMARK [3][-]{subsubsection.5.2.3}{Fault tolerance}{subsection.5.2}% 14
\BOOKMARK [2][-]{subsection.5.3}{DVMS-based Distributed Approach}{section.5}% 15
\BOOKMARK [3][-]{subsubsection.5.3.1}{Architecture}{subsection.5.3}% 16
\BOOKMARK [3][-]{subsubsection.5.3.2}{Iterative Scheduling Procedure}{subsection.5.3}% 17
\BOOKMARK [3][-]{subsubsection.5.3.3}{Fault-tolerance}{subsection.5.3}% 18
\BOOKMARK [1][-]{section.6}{Experiments}{}% 19
\BOOKMARK [2][-]{subsection.6.1}{Accuracy Evaluation of VMPlaceS}{section.6}% 20
\BOOKMARK [2][-]{subsection.6.2}{A First Use-Case: Comparison of Entropy, Snooze and DVMS}{section.6}% 21
\BOOKMARK [3][-]{subsubsection.6.2.1}{General Comparison}{subsection.6.2}% 22
\BOOKMARK [3][-]{subsubsection.6.2.2}{Snooze Related Characteristics}{subsection.6.2}% 23
\BOOKMARK [2][-]{subsection.6.3}{Investigating Variants and Possible Improvements Thanks to VMPlaceS}{section.6}% 24
\BOOKMARK [3][-]{subsubsection.6.3.1}{Variants of hierarchical scheduling}{subsection.6.3}% 25
\BOOKMARK [3][-]{subsubsection.6.3.2}{DVMS Analysis}{subsection.6.3}% 26
\BOOKMARK [1][-]{section.7}{Related Work}{}% 27
\BOOKMARK [1][-]{section.8}{Conclusion}{}% 28
\BOOKMARK [1][-]{section.9}{Acknowledgment}{}% 29
\BOOKMARK [1][-]{section.10}{References}{}% 30
