This is pdfTeX, Version 3.1415926-2.4-1.40.13 (TeX Live 2012/MacPorts 2012_9) (format=pdflatex 2013.5.9)  25 MAY 2013 16:52
entering extended mode
 restricted \write18 enabled.
 %&-line parsing enabled.
**llncs.dem
(./llncs.dem
LaTeX2e <2011/06/27>
Babel <v3.8m> and hyphenation patterns for english, dumylang, nohyphenation, cz
ech, slovak, dutch, ukenglish, usenglishmax, basque, french, german-x-2009-06-1
9, ngerman-x-2009-06-19, german, ngerman, swissgerman, italian, polish, portugu
ese, spanish, catalan, galician, loaded.
(./llncs.cls
Document Class: llncs 2010/07/12 v2.17 
 LaTeX document class for Lecture Notes in Computer Science
(/opt/local/share/texmf-texlive-dist/tex/latex/base/article.cls
Document Class: article 2007/10/19 v1.4h Standard LaTeX document class
(/opt/local/share/texmf-texlive-dist/tex/latex/base/size10.clo
File: size10.clo 2007/10/19 v1.4h Standard LaTeX file (size option)
)
\c@part=\count79
\c@section=\count80
\c@subsection=\count81
\c@subsubsection=\count82
\c@paragraph=\count83
\c@subparagraph=\count84
\c@figure=\count85
\c@table=\count86
\abovecaptionskip=\skip41
\belowcaptionskip=\skip42
\bibindent=\dimen102
)
(/opt/local/share/texmf-texlive-dist/tex/latex/tools/multicol.sty
Package: multicol 2011/06/27 v1.7a multicolumn formatting (FMi)
\c@tracingmulticols=\count87
\mult@box=\box26
\multicol@leftmargin=\dimen103
\c@unbalance=\count88
\c@collectmore=\count89
\doublecol@number=\count90
\multicoltolerance=\count91
\multicolpretolerance=\count92
\full@width=\dimen104
\page@free=\dimen105
\premulticols=\dimen106
\postmulticols=\dimen107
\multicolsep=\skip43
\multicolbaselineskip=\skip44
\partial@page=\box27
\last@line=\box28
\mult@rightbox=\box29
\mult@grightbox=\box30
\mult@gfirstbox=\box31
\mult@firstbox=\box32
\@tempa=\box33
\@tempa=\box34
\@tempa=\box35
\@tempa=\box36
\@tempa=\box37
\@tempa=\box38
\@tempa=\box39
\@tempa=\box40
\@tempa=\box41
\@tempa=\box42
\@tempa=\box43
\@tempa=\box44
\@tempa=\box45
\@tempa=\box46
\@tempa=\box47
\@tempa=\box48
\@tempa=\box49
\c@columnbadness=\count93
\c@finalcolumnbadness=\count94
\last@try=\dimen108
\multicolovershoot=\dimen109
\multicolundershoot=\dimen110
\mult@nat@firstbox=\box50
\colbreak@box=\box51
\multicol@sort@counter=\count95
)
(./aliascnt.sty
Package: aliascnt 2009/09/08 v1.3 Alias counter (HO)
 (./remreset.sty))
\c@chapter=\count96
LaTeX Font Info:    Redeclaring math symbol \Gamma on input line 362.
LaTeX Font Info:    Redeclaring math symbol \Delta on input line 363.
LaTeX Font Info:    Redeclaring math symbol \Theta on input line 364.
LaTeX Font Info:    Redeclaring math symbol \Lambda on input line 365.
LaTeX Font Info:    Redeclaring math symbol \Xi on input line 366.
LaTeX Font Info:    Redeclaring math symbol \Pi on input line 367.
LaTeX Font Info:    Redeclaring math symbol \Sigma on input line 368.
LaTeX Font Info:    Redeclaring math symbol \Upsilon on input line 369.
LaTeX Font Info:    Redeclaring math symbol \Phi on input line 370.
LaTeX Font Info:    Redeclaring math symbol \Psi on input line 371.
LaTeX Font Info:    Redeclaring math symbol \Omega on input line 372.
\tocchpnum=\dimen111
\tocsecnum=\dimen112
\tocsectotal=\dimen113
\tocsubsecnum=\dimen114
\tocsubsectotal=\dimen115
\tocsubsubsecnum=\dimen116
\tocsubsubsectotal=\dimen117
\tocparanum=\dimen118
\tocparatotal=\dimen119
\tocsubparanum=\dimen120
\@tempcntc=\count97
\fnindent=\dimen121
\c@@inst=\count98
\c@@auth=\count99
\c@auco=\count100
\instindent=\dimen122
\authrun=\box52
\authorrunning=\toks14
\tocauthor=\toks15
\titrun=\box53
\titlerunning=\toks16
\toctitle=\toks17
\c@theorem=\count101
\c@case=\count102
\c@conjecture=\count103
\c@corollary=\count104
\c@definition=\count105
\c@example=\count106
\c@exercise=\count107
\c@lemma=\count108
\c@note=\count109
\c@problem=\count110
\c@property=\count111
\c@proposition=\count112
\c@question=\count113
\c@solution=\count114
\c@remark=\count115
\headlineindent=\dimen123
)
(/opt/local/share/texmf-texlive-dist/tex/latex/base/makeidx.sty
Package: makeidx 2000/03/29 v1.0m Standard LaTeX package
)
No file llncs.aux.
\openout1 = `llncs.aux'.

LaTeX Font Info:    Checking defaults for OML/cmm/m/it on input line 10.
LaTeX Font Info:    ... okay on input line 10.
LaTeX Font Info:    Checking defaults for T1/cmr/m/n on input line 10.
LaTeX Font Info:    ... okay on input line 10.
LaTeX Font Info:    Checking defaults for OT1/cmr/m/n on input line 10.
LaTeX Font Info:    ... okay on input line 10.
LaTeX Font Info:    Checking defaults for OMS/cmsy/m/n on input line 10.
LaTeX Font Info:    ... okay on input line 10.
LaTeX Font Info:    Checking defaults for OMX/cmex/m/n on input line 10.
LaTeX Font Info:    ... okay on input line 10.
LaTeX Font Info:    Checking defaults for U/cmr/m/n on input line 10.
LaTeX Font Info:    ... okay on input line 10.
[1



{/opt/local/var/db/texmf/fonts/map/pdftex/updmap/pdftex.map}]
LaTeX Font Info:    External font `cmex10' loaded for size
(Font)              <7> on input line 53.
LaTeX Font Info:    External font `cmex10' loaded for size
(Font)              <5> on input line 53.
 [2

] [3]
No file llncs.toc.
\tf@toc=\write3
\openout3 = `llncs.toc'.

[4

]
LaTeX Font Info:    External font `cmex10' loaded for size
(Font)              <9> on input line 195.
LaTeX Font Info:    External font `cmex10' loaded for size
(Font)              <6> on input line 195.


LaTeX Warning: Reference `ghou:pre' on page 1 undefined on input line 243.

[1

]

LaTeX Warning: Reference `eq:one' on page 2 undefined on input line 286.


LaTeX Warning: Reference `eq:two' on page 2 undefined on input line 310.

[2]

LaTeX Warning: Reference `eq:three' on page 3 undefined on input line 389.

[3]

LaTeX Warning: Reference `eq:five' on page 4 undefined on input line 429.


LaTeX Warning: Citation `clar:eke' on page 4 undefined on input line 434.


LaTeX Warning: Reference `eq:four' on page 4 undefined on input line 439.

[4]

LaTeX Warning: Citation `rab' on page 5 undefined on input line 565.


LaTeX Warning: Citation `clar:eke:2' on page 5 undefined on input line 568.

[5]

LaTeX Warning: Citation `mich:tar' on page 6 undefined on input line 572.


LaTeX Warning: Citation `tar' on page 6 undefined on input line 572.

[6] [7]

LaTeX Warning: Reference `2eq:one' on page 8 undefined on input line 757.


LaTeX Warning: Reference `2eq:two' on page 8 undefined on input line 781.

[8]

LaTeX Warning: Reference `2eq:three' on page 9 undefined on input line 860.

[9]

LaTeX Warning: Reference `2eq:five' on page 10 undefined on input line 900.


LaTeX Warning: Citation `2clar:eke' on page 10 undefined on input line 905.


LaTeX Warning: Reference `2eq:four' on page 10 undefined on input line 910.

[10]

LaTeX Warning: Citation `2rab' on page 11 undefined on input line 1036.


LaTeX Warning: Citation `2clar:eke:2' on page 11 undefined on input line 1039.

[11]

LaTeX Warning: Citation `2mich:tar' on page 12 undefined on input line 1044.


LaTeX Warning: Citation `2tar' on page 12 undefined on input line 1044.

[12] (./llncs.ind [13

] [14] [15]) [16] (./subjidx.ind
Underfull \hbox (badness 10000) in paragraph at lines 17--18
[]\OT1/cmr/m/n/9 Angular mo-men-tum states 107, 321,
 []


Underfull \hbox (badness 10000) in paragraph at lines 38--39
[]\OT1/cmr/m/n/9 Brillouin-Wigner per-tur-ba-tion the-ory
 []


Underfull \hbox (badness 10000) in paragraph at lines 62--63
[]\OT1/cmr/m/n/9 Exchange term 228, 231, 237, 241, 268,
 []

) [17

] (./llncs.aux)

LaTeX Warning: There were undefined references.


LaTeX Warning: Label(s) may have changed. Rerun to get cross-references right.

 ) 
Here is how much of TeX's memory you used:
 689 strings out of 494763
 7634 string characters out of 3171443
 70425 words of memory out of 3000000
 3965 multiletter control sequences out of 15000+200000
 9658 words of font info for 34 fonts, out of 3000000 for 9000
 134 hyphenation exceptions out of 8191
 29i,10n,21p,257b,326s stack positions out of 5000i,500n,10000p,200000b,50000s
</opt/local/share/texmf-texlive-dist/fonts/type1/public/amsfonts/cm/cmbx10.pf
b></opt/local/share/texmf-texlive-dist/fonts/type1/public/amsfonts/cm/cmbx12.pf
b></opt/local/share/texmf-texlive-dist/fonts/type1/public/amsfonts/cm/cmbx9.pfb
></opt/local/share/texmf-texlive-dist/fonts/type1/public/amsfonts/cm/cmex10.pfb
></opt/local/share/texmf-texlive-dist/fonts/type1/public/amsfonts/cm/cmmi10.pfb
></opt/local/share/texmf-texlive-dist/fonts/type1/public/amsfonts/cm/cmmi6.pfb>
</opt/local/share/texmf-texlive-dist/fonts/type1/public/amsfonts/cm/cmmi7.pfb><
/opt/local/share/texmf-texlive-dist/fonts/type1/public/amsfonts/cm/cmmi9.pfb></
opt/local/share/texmf-texlive-dist/fonts/type1/public/amsfonts/cm/cmr10.pfb></o
pt/local/share/texmf-texlive-dist/fonts/type1/public/amsfonts/cm/cmr6.pfb></opt
/local/share/texmf-texlive-dist/fonts/type1/public/amsfonts/cm/cmr7.pfb></opt/l
ocal/share/texmf-texlive-dist/fonts/type1/public/amsfonts/cm/cmr9.pfb></opt/loc
al/share/texmf-texlive-dist/fonts/type1/public/amsfonts/cm/cmsy10.pfb></opt/loc
al/share/texmf-texlive-dist/fonts/type1/public/amsfonts/cm/cmsy5.pfb></opt/loca
l/share/texmf-texlive-dist/fonts/type1/public/amsfonts/cm/cmsy7.pfb></opt/local
/share/texmf-texlive-dist/fonts/type1/public/amsfonts/cm/cmti10.pfb></opt/local
/share/texmf-texlive-dist/fonts/type1/public/amsfonts/cm/cmti9.pfb></opt/local/
share/texmf-texlive-dist/fonts/type1/public/amsfonts/cm/cmtt9.pfb>
Output written on llncs.pdf (21 pages, 261698 bytes).
PDF statistics:
 145 PDF objects out of 1000 (max. 8388607)
 102 compressed objects within 2 object streams
 0 named destinations out of 1000 (max. 500000)
 1 words of extra memory for PDF output out of 10000 (max. 10000000)

