\BOOKMARK [0][-]{chapter.1}{VMPlaceS: A Generic Tool to Investigate and Compare VM Placement Algorithms}{}% 1
\BOOKMARK [1][-]{section.1.1}{Introduction}{chapter.1}% 2
\BOOKMARK [1][-]{section.1.2}{Simgrid, a Generic Toolkit To Build Simulators}{chapter.1}% 3
\BOOKMARK [1][-]{section.1.3}{VM Placement Simulator}{chapter.1}% 4
\BOOKMARK [2][-]{section*.2}{Overview.}{section.1.3}% 5
\BOOKMARK [3][-]{section*.3}{Initialization Phase.}{section*.2}% 6
\BOOKMARK [3][-]{section*.4}{Injector Phase.}{section*.2}% 7
\BOOKMARK [3][-]{section*.5}{Trace Analysis.}{section*.2}% 8
\BOOKMARK [1][-]{section.1.4}{Dynamic VMPP Algorithms}{chapter.1}% 9
\BOOKMARK [2][-]{section*.6}{Entropy-based Centralized Approach.}{section.1.4}% 10
\BOOKMARK [3][-]{section*.7}{Snooze-based Hierarchical Approach.}{section*.6}% 11
\BOOKMARK [3][-]{section*.8}{DVMS-based Distributed Approach.}{section*.6}% 12
\BOOKMARK [1][-]{section.1.5}{Experiments}{chapter.1}% 13
\BOOKMARK [2][-]{subsection.1.5.1}{Accuracy Evaluation}{section.1.5}% 14
\BOOKMARK [2][-]{subsection.1.5.2}{Analysis of Entropy, Snooze and DVMS}{section.1.5}% 15
\BOOKMARK [3][-]{section*.9}{Experimental Conditions.}{subsection.1.5.2}% 16
\BOOKMARK [3][-]{figure.1.5}{General Analysis.}{subsection.1.5.2}% 17
\BOOKMARK [3][-]{section*.11}{Investigating Algorithm Variants.}{subsection.1.5.2}% 18
\BOOKMARK [1][-]{section.1.6}{Related Work}{chapter.1}% 19
\BOOKMARK [1][-]{section.1.7}{Conclusion}{chapter.1}% 20
